#
# There is insufficient memory for the Java Runtime Environment to continue.
# Native memory allocation (malloc) failed to allocate 1048576 bytes for AllocateHeap
# Possible reasons:
#   The system is out of physical RAM or swap space
#   The process is running with CompressedOops enabled, and the Java Heap may be blocking the growth of the native heap
# Possible solutions:
#   Reduce memory load on the system
#   Increase physical memory or swap space
#   Check if swap backing store is full
#   Decrease Java heap size (-Xmx/-Xms)
#   Decrease number of Java threads
#   Decrease Java thread stack sizes (-Xss)
#   Set larger code cache with -XX:ReservedCodeCacheSize=
#   JVM is running with Unscaled Compressed Oops mode in which the Java heap is
#     placed in the first 4GB address space. The Java Heap base address is the
#     maximum limit for the native heap growth. Please use -XX:HeapBaseMinAddress
#     to set the Java Heap base and to place the Java Heap above 4GB virtual address.
# This output file may be truncated or incomplete.
#
#  Out of Memory Error (./open/src/hotspot/share/memory/allocation.cpp:44), pid=14328, tid=6004
#
# JRE version: Java(TM) SE Runtime Environment (15.0.1+9) (build 15.0.1+9-18)
# Java VM: Java HotSpot(TM) 64-Bit Server VM (15.0.1+9-18, mixed mode, sharing, tiered, compressed oops, g1 gc, windows-amd64)
# No core dump will be written. Minidumps are not enabled by default on client versions of Windows
#

---------------  S U M M A R Y ------------

Command Line: org.jetbrains.kotlin.cli.jvm.K2JVMCompiler @C:\Users\DENNIS\AndroidStudioProjects\Score\app\build\20220709_13646678715655228283.compiler.options

Host: Intel(R) Core(TM) i5-4310U CPU @ 2.00GHz, 4 cores, 7G,  Windows 10 , 64 bit Build 18362 (10.0.18362.1500)
Time: Sat Jul  9 13:18:35 2022 E. Africa Standard Time elapsed time: 7.073551 seconds (0d 0h 0m 7s)

---------------  T H R E A D  ---------------

Current thread (0x000001b656030ef0):  VMThread "VM Thread" [stack: 0x00000030e9c00000,0x00000030e9d00000] [id=6004]

Stack: [0x00000030e9c00000,0x00000030e9d00000]
[error occurred during error reporting (printing stack bounds), id 0xc0000005, EXCEPTION_ACCESS_VIOLATION (0xc0000005) at pc=0x000001b6400410ad]

Native frames: (J=compiled Java code, j=interpreted, Vv=VM code, C=native code)
V  [jvm.dll+0x62ae9a]
V  [jvm.dll+0x781389]
V  [jvm.dll+0x782ae3]
V  [jvm.dll+0x7830a5]
V  [jvm.dll+0x78305b]
V  [jvm.dll+0x62a2b9]
V  [jvm.dll+0x62aa88]
C  [ntdll.dll+0xa1fff]
C  [ntdll.dll+0x6aad9]
C  [ntdll.dll+0xa0c6e]
C  0x000001b6400410ad

VM_Operation (0x00000030e96f6f60): CollectForMetadataAllocation, mode: safepoint, requested by thread 0x000001b637e18950


---------------  P R O C E S S  ---------------

Threads class SMR info:
_java_thread_list=0x000001b656f54760, length=11, elements={
0x000001b637e18950, 0x000001b656034f20, 0x000001b656036290, 0x000001b65604ae50,
0x000001b65604d910, 0x000001b65604eb60, 0x000001b656050e20, 0x000001b65605fe20,
0x000001b65606a520, 0x000001b656e863d0, 0x000001b656e8e800
}

Java Threads: ( => current thread )
  0x000001b637e18950 JavaThread "main" [_thread_blocked, id=13204, stack(0x00000030e9600000,0x00000030e9700000)]
  0x000001b656034f20 JavaThread "Reference Handler" daemon [_thread_blocked, id=10788, stack(0x00000030e9d00000,0x00000030e9e00000)]
  0x000001b656036290 JavaThread "Finalizer" daemon [_thread_blocked, id=19152, stack(0x00000030e9e00000,0x00000030e9f00000)]
  0x000001b65604ae50 JavaThread "Signal Dispatcher" daemon [_thread_blocked, id=22644, stack(0x00000030e9f00000,0x00000030ea000000)]
  0x000001b65604d910 JavaThread "Attach Listener" daemon [_thread_blocked, id=22088, stack(0x00000030ea000000,0x00000030ea100000)]
  0x000001b65604eb60 JavaThread "Service Thread" daemon [_thread_blocked, id=13532, stack(0x00000030ea100000,0x00000030ea200000)]
  0x000001b656050e20 JavaThread "C2 CompilerThread0" daemon [_thread_blocked, id=8608, stack(0x00000030ea200000,0x00000030ea300000)]
  0x000001b65605fe20 JavaThread "C1 CompilerThread0" daemon [_thread_blocked, id=6084, stack(0x00000030ea300000,0x00000030ea400000)]
  0x000001b65606a520 JavaThread "Sweeper thread" daemon [_thread_blocked, id=13272, stack(0x00000030ea400000,0x00000030ea500000)]
  0x000001b656e863d0 JavaThread "Notification Thread" daemon [_thread_blocked, id=15292, stack(0x00000030ea500000,0x00000030ea600000)]
  0x000001b656e8e800 JavaThread "Common-Cleaner" daemon [_thread_blocked, id=16164, stack(0x00000030ea700000,0x00000030ea800000)]

Other Threads:
=>0x000001b656030ef0 VMThread "VM Thread" [stack: 0x00000030e9c00000,0x00000030e9d00000] [id=6004]
  0x000001b656e8e0e0 WatcherThread [stack: 0x00000030ea600000,0x00000030ea700000] [id=18440]
  0x000001b637e56c70 GCTaskThread "GC Thread#0" [stack: 0x00000030e9700000,0x00000030e9800000] [id=3744]
  0x000001b657023610 GCTaskThread "GC Thread#1" [stack: 0x00000030ea800000,0x00000030ea900000] [id=12912]
  0x000001b657024600 GCTaskThread "GC Thread#2" [stack: 0x00000030ea900000,0x00000030eaa00000] [id=5124]
  0x000001b637e68bd0 ConcurrentGCThread "G1 Main Marker" [stack: 0x00000030e9800000,0x00000030e9900000] [id=18684]
  0x000001b637e6aff0 ConcurrentGCThread "G1 Conc#0" [stack: 0x00000030e9900000,0x00000030e9a00000] [id=10024]
  0x000001b637ed44f0 ConcurrentGCThread "G1 Refine#0" [stack: 0x00000030e9a00000,0x00000030e9b00000] [id=15972]
  0x000001b637ed5170 ConcurrentGCThread "G1 Young RemSet Sampling" [stack: 0x00000030e9b00000,0x00000030e9c00000] [id=15872]

Threads with active compile tasks:

VM state: at safepoint (normal execution)

VM Mutex/Monitor currently owned by a thread:  ([mutex/lock_event])
[0x000001b637e146a0] Threads_lock - owner thread: 0x000001b656030ef0
[0x000001b637e13890] Heap_lock - owner thread: 0x000001b637e18950

Heap address: 0x0000000081c00000, size: 2020 MB, Compressed Oops mode: 32-bit
CDS archive(s) mapped at: [0x0000000800000000-0x0000000800b50000-0x0000000800b50000), size 11862016, SharedBaseAddress: 0x0000000800000000, ArchiveRelocationMode: 0.
Compressed class space mapped at: 0x0000000800b50000-0x0000000840b50000, size: 1073741824
Narrow klass base: 0x0000000800000000, Narrow klass shift: 3, Narrow klass range: 0x100000000

GC Precious Log:
 CPUs: 4 total, 4 available
 Memory: 8073M
 Large Page Support: Disabled
 NUMA Support: Disabled
 Compressed Oops: Enabled (32-bit)
 Heap Region Size: 1M
 Heap Min Capacity: 8M
 Heap Initial Capacity: 128M
 Heap Max Capacity: 2020M
 Pre-touch: Disabled
 Parallel Workers: 4
 Concurrent Workers: 1
 Concurrent Refinement Workers: 4
 Periodic GC: Disabled

Heap:
 garbage-first heap   total 131072K, used 5597K [0x0000000081c00000, 0x0000000100000000)
  region size 1024K, 1 young (1024K), 1 survivors (1024K)
 Metaspace       used 5235K, capacity 5634K, committed 5760K, reserved 1077248K
  class space    used 472K, capacity 810K, committed 896K, reserved 1048576K

Heap Regions: E=young(eden), S=young(survivor), O=old, HS=humongous(starts), HC=humongous(continues), CS=collection set, F=free, OA=open archive, CA=closed archive, TAMS=top-at-mark-start (previous, next)
|   0|0x0000000081c00000, 0x0000000081d00000, 0x0000000081d00000|100%|HS|  |TAMS 0x0000000081c00000, 0x0000000081d00000| Complete 
|   1|0x0000000081d00000, 0x0000000081e00000, 0x0000000081e00000|100%|HC|  |TAMS 0x0000000081d00000, 0x0000000081e00000| Complete 
|   2|0x0000000081e00000, 0x0000000081f00000, 0x0000000081f00000|100%|HC|  |TAMS 0x0000000081e00000, 0x0000000081f00000| Complete 
|   3|0x0000000081f00000, 0x0000000082000000, 0x0000000082000000|100%| O|  |TAMS 0x0000000081f00000, 0x0000000081f00000| Untracked 
|   4|0x0000000082000000, 0x0000000082100000, 0x0000000082100000|100%| O|  |TAMS 0x0000000082000000, 0x000000008204d000| Untracked 
|   5|0x0000000082100000, 0x000000008211f600, 0x0000000082200000| 12%| O|  |TAMS 0x0000000082100000, 0x0000000082100000| Untracked 
|   6|0x0000000082200000, 0x0000000082200000, 0x0000000082300000|  0%| F|  |TAMS 0x0000000082200000, 0x0000000082200000| Untracked 
|   7|0x0000000082300000, 0x0000000082300000, 0x0000000082400000|  0%| F|  |TAMS 0x0000000082300000, 0x0000000082300000| Untracked 
|   8|0x0000000082400000, 0x0000000082400000, 0x0000000082500000|  0%| F|  |TAMS 0x0000000082400000, 0x0000000082400000| Untracked 
|   9|0x0000000082500000, 0x0000000082500000, 0x0000000082600000|  0%| F|  |TAMS 0x0000000082500000, 0x0000000082500000| Untracked 
|  10|0x0000000082600000, 0x0000000082600000, 0x0000000082700000|  0%| F|  |TAMS 0x0000000082600000, 0x0000000082600000| Untracked 
|  11|0x0000000082700000, 0x0000000082700000, 0x0000000082800000|  0%| F|  |TAMS 0x0000000082700000, 0x0000000082700000| Untracked 
|  12|0x0000000082800000, 0x0000000082800000, 0x0000000082900000|  0%| F|  |TAMS 0x0000000082800000, 0x0000000082800000| Untracked 
|  13|0x0000000082900000, 0x0000000082900000, 0x0000000082a00000|  0%| F|  |TAMS 0x0000000082900000, 0x0000000082900000| Untracked 
|  14|0x0000000082a00000, 0x0000000082a00000, 0x0000000082b00000|  0%| F|  |TAMS 0x0000000082a00000, 0x0000000082a00000| Untracked 
|  15|0x0000000082b00000, 0x0000000082b00000, 0x0000000082c00000|  0%| F|  |TAMS 0x0000000082b00000, 0x0000000082b00000| Untracked 
|  16|0x0000000082c00000, 0x0000000082c00000, 0x0000000082d00000|  0%| F|  |TAMS 0x0000000082c00000, 0x0000000082c00000| Untracked 
|  17|0x0000000082d00000, 0x0000000082d00000, 0x0000000082e00000|  0%| F|  |TAMS 0x0000000082d00000, 0x0000000082d00000| Untracked 
|  18|0x0000000082e00000, 0x0000000082e00000, 0x0000000082f00000|  0%| F|  |TAMS 0x0000000082e00000, 0x0000000082e00000| Untracked 
|  19|0x0000000082f00000, 0x0000000082f00000, 0x0000000083000000|  0%| F|  |TAMS 0x0000000082f00000, 0x0000000082f00000| Untracked 
|  20|0x0000000083000000, 0x0000000083000000, 0x0000000083100000|  0%| F|  |TAMS 0x0000000083000000, 0x0000000083000000| Untracked 
|  21|0x0000000083100000, 0x0000000083100000, 0x0000000083200000|  0%| F|  |TAMS 0x0000000083100000, 0x0000000083100000| Untracked 
|  22|0x0000000083200000, 0x0000000083200000, 0x0000000083300000|  0%| F|  |TAMS 0x0000000083200000, 0x0000000083200000| Untracked 
|  23|0x0000000083300000, 0x0000000083300000, 0x0000000083400000|  0%| F|  |TAMS 0x0000000083300000, 0x0000000083300000| Untracked 
|  24|0x0000000083400000, 0x0000000083400000, 0x0000000083500000|  0%| F|  |TAMS 0x0000000083400000, 0x0000000083400000| Untracked 
|  25|0x0000000083500000, 0x0000000083500000, 0x0000000083600000|  0%| F|  |TAMS 0x0000000083500000, 0x0000000083500000| Untracked 
|  26|0x0000000083600000, 0x0000000083600000, 0x0000000083700000|  0%| F|  |TAMS 0x0000000083600000, 0x0000000083600000| Untracked 
|  27|0x0000000083700000, 0x0000000083700000, 0x0000000083800000|  0%| F|  |TAMS 0x0000000083700000, 0x0000000083700000| Untracked 
|  28|0x0000000083800000, 0x0000000083800000, 0x0000000083900000|  0%| F|  |TAMS 0x0000000083800000, 0x0000000083800000| Untracked 
|  29|0x0000000083900000, 0x0000000083900000, 0x0000000083a00000|  0%| F|  |TAMS 0x0000000083900000, 0x0000000083900000| Untracked 
|  30|0x0000000083a00000, 0x0000000083a00000, 0x0000000083b00000|  0%| F|  |TAMS 0x0000000083a00000, 0x0000000083a00000| Untracked 
|  31|0x0000000083b00000, 0x0000000083b00000, 0x0000000083c00000|  0%| F|  |TAMS 0x0000000083b00000, 0x0000000083b00000| Untracked 
|  32|0x0000000083c00000, 0x0000000083c00000, 0x0000000083d00000|  0%| F|  |TAMS 0x0000000083c00000, 0x0000000083c00000| Untracked 
|  33|0x0000000083d00000, 0x0000000083d00000, 0x0000000083e00000|  0%| F|  |TAMS 0x0000000083d00000, 0x0000000083d00000| Untracked 
|  34|0x0000000083e00000, 0x0000000083e00000, 0x0000000083f00000|  0%| F|  |TAMS 0x0000000083e00000, 0x0000000083e00000| Untracked 
|  35|0x0000000083f00000, 0x0000000083f00000, 0x0000000084000000|  0%| F|  |TAMS 0x0000000083f00000, 0x0000000083f00000| Untracked 
|  36|0x0000000084000000, 0x0000000084000000, 0x0000000084100000|  0%| F|  |TAMS 0x0000000084000000, 0x0000000084000000| Untracked 
|  37|0x0000000084100000, 0x0000000084100000, 0x0000000084200000|  0%| F|  |TAMS 0x0000000084100000, 0x0000000084100000| Untracked 
|  38|0x0000000084200000, 0x0000000084200000, 0x0000000084300000|  0%| F|  |TAMS 0x0000000084200000, 0x0000000084200000| Untracked 
|  39|0x0000000084300000, 0x0000000084300000, 0x0000000084400000|  0%| F|  |TAMS 0x0000000084300000, 0x0000000084300000| Untracked 
|  40|0x0000000084400000, 0x0000000084400000, 0x0000000084500000|  0%| F|  |TAMS 0x0000000084400000, 0x0000000084400000| Untracked 
|  41|0x0000000084500000, 0x0000000084500000, 0x0000000084600000|  0%| F|  |TAMS 0x0000000084500000, 0x0000000084500000| Untracked 
|  42|0x0000000084600000, 0x0000000084600000, 0x0000000084700000|  0%| F|  |TAMS 0x0000000084600000, 0x0000000084600000| Untracked 
|  43|0x0000000084700000, 0x0000000084700000, 0x0000000084800000|  0%| F|  |TAMS 0x0000000084700000, 0x0000000084700000| Untracked 
|  44|0x0000000084800000, 0x0000000084800000, 0x0000000084900000|  0%| F|  |TAMS 0x0000000084800000, 0x0000000084800000| Untracked 
|  45|0x0000000084900000, 0x0000000084900000, 0x0000000084a00000|  0%| F|  |TAMS 0x0000000084900000, 0x0000000084900000| Untracked 
|  46|0x0000000084a00000, 0x0000000084a00000, 0x0000000084b00000|  0%| F|  |TAMS 0x0000000084a00000, 0x0000000084a00000| Untracked 
|  47|0x0000000084b00000, 0x0000000084b00000, 0x0000000084c00000|  0%| F|  |TAMS 0x0000000084b00000, 0x0000000084b00000| Untracked 
|  48|0x0000000084c00000, 0x0000000084c00000, 0x0000000084d00000|  0%| F|  |TAMS 0x0000000084c00000, 0x0000000084c00000| Untracked 
|  49|0x0000000084d00000, 0x0000000084d00000, 0x0000000084e00000|  0%| F|  |TAMS 0x0000000084d00000, 0x0000000084d00000| Untracked 
|  50|0x0000000084e00000, 0x0000000084e00000, 0x0000000084f00000|  0%| F|  |TAMS 0x0000000084e00000, 0x0000000084e00000| Untracked 
|  51|0x0000000084f00000, 0x0000000084f00000, 0x0000000085000000|  0%| F|  |TAMS 0x0000000084f00000, 0x0000000084f00000| Untracked 
|  52|0x0000000085000000, 0x0000000085000000, 0x0000000085100000|  0%| F|  |TAMS 0x0000000085000000, 0x0000000085000000| Untracked 
|  53|0x0000000085100000, 0x0000000085100000, 0x0000000085200000|  0%| F|  |TAMS 0x0000000085100000, 0x0000000085100000| Untracked 
|  54|0x0000000085200000, 0x0000000085200000, 0x0000000085300000|  0%| F|  |TAMS 0x0000000085200000, 0x0000000085200000| Untracked 
|  55|0x0000000085300000, 0x0000000085300000, 0x0000000085400000|  0%| F|  |TAMS 0x0000000085300000, 0x0000000085300000| Untracked 
|  56|0x0000000085400000, 0x0000000085400000, 0x0000000085500000|  0%| F|  |TAMS 0x0000000085400000, 0x0000000085400000| Untracked 
|  57|0x0000000085500000, 0x0000000085500000, 0x0000000085600000|  0%| F|  |TAMS 0x0000000085500000, 0x0000000085500000| Untracked 
|  58|0x0000000085600000, 0x0000000085600000, 0x0000000085700000|  0%| F|  |TAMS 0x0000000085600000, 0x0000000085600000| Untracked 
|  59|0x0000000085700000, 0x0000000085700000, 0x0000000085800000|  0%| F|  |TAMS 0x0000000085700000, 0x0000000085700000| Untracked 
|  60|0x0000000085800000, 0x0000000085800000, 0x0000000085900000|  0%| F|  |TAMS 0x0000000085800000, 0x0000000085800000| Untracked 
|  61|0x0000000085900000, 0x0000000085900000, 0x0000000085a00000|  0%| F|  |TAMS 0x0000000085900000, 0x0000000085900000| Untracked 
|  62|0x0000000085a00000, 0x0000000085a00000, 0x0000000085b00000|  0%| F|  |TAMS 0x0000000085a00000, 0x0000000085a00000| Untracked 
|  63|0x0000000085b00000, 0x0000000085b00000, 0x0000000085c00000|  0%| F|  |TAMS 0x0000000085b00000, 0x0000000085b00000| Untracked 
|  64|0x0000000085c00000, 0x0000000085c00000, 0x0000000085d00000|  0%| F|  |TAMS 0x0000000085c00000, 0x0000000085c00000| Untracked 
|  65|0x0000000085d00000, 0x0000000085d00000, 0x0000000085e00000|  0%| F|  |TAMS 0x0000000085d00000, 0x0000000085d00000| Untracked 
|  66|0x0000000085e00000, 0x0000000085e00000, 0x0000000085f00000|  0%| F|  |TAMS 0x0000000085e00000, 0x0000000085e00000| Untracked 
|  67|0x0000000085f00000, 0x0000000085f00000, 0x0000000086000000|  0%| F|  |TAMS 0x0000000085f00000, 0x0000000085f00000| Untracked 
|  68|0x0000000086000000, 0x0000000086000000, 0x0000000086100000|  0%| F|  |TAMS 0x0000000086000000, 0x0000000086000000| Untracked 
|  69|0x0000000086100000, 0x0000000086100000, 0x0000000086200000|  0%| F|  |TAMS 0x0000000086100000, 0x0000000086100000| Untracked 
|  70|0x0000000086200000, 0x0000000086200000, 0x0000000086300000|  0%| F|  |TAMS 0x0000000086200000, 0x0000000086200000| Untracked 
|  71|0x0000000086300000, 0x0000000086300000, 0x0000000086400000|  0%| F|  |TAMS 0x0000000086300000, 0x0000000086300000| Untracked 
|  72|0x0000000086400000, 0x0000000086400000, 0x0000000086500000|  0%| F|  |TAMS 0x0000000086400000, 0x0000000086400000| Untracked 
|  73|0x0000000086500000, 0x0000000086500000, 0x0000000086600000|  0%| F|  |TAMS 0x0000000086500000, 0x0000000086500000| Untracked 
|  74|0x0000000086600000, 0x0000000086600000, 0x0000000086700000|  0%| F|  |TAMS 0x0000000086600000, 0x0000000086600000| Untracked 
|  75|0x0000000086700000, 0x0000000086700000, 0x0000000086800000|  0%| F|  |TAMS 0x0000000086700000, 0x0000000086700000| Untracked 
|  76|0x0000000086800000, 0x0000000086800000, 0x0000000086900000|  0%| F|  |TAMS 0x0000000086800000, 0x0000000086800000| Untracked 
|  77|0x0000000086900000, 0x0000000086900000, 0x0000000086a00000|  0%| F|  |TAMS 0x0000000086900000, 0x0000000086900000| Untracked 
|  78|0x0000000086a00000, 0x0000000086a00000, 0x0000000086b00000|  0%| F|  |TAMS 0x0000000086a00000, 0x0000000086a00000| Untracked 
|  79|0x0000000086b00000, 0x0000000086b00000, 0x0000000086c00000|  0%| F|  |TAMS 0x0000000086b00000, 0x0000000086b00000| Untracked 
|  80|0x0000000086c00000, 0x0000000086c00000, 0x0000000086d00000|  0%| F|  |TAMS 0x0000000086c00000, 0x0000000086c00000| Untracked 
|  81|0x0000000086d00000, 0x0000000086d00000, 0x0000000086e00000|  0%| F|  |TAMS 0x0000000086d00000, 0x0000000086d00000| Untracked 
|  82|0x0000000086e00000, 0x0000000086e00000, 0x0000000086f00000|  0%| F|  |TAMS 0x0000000086e00000, 0x0000000086e00000| Untracked 
|  83|0x0000000086f00000, 0x0000000086f00000, 0x0000000087000000|  0%| F|  |TAMS 0x0000000086f00000, 0x0000000086f00000| Untracked 
|  84|0x0000000087000000, 0x0000000087000000, 0x0000000087100000|  0%| F|  |TAMS 0x0000000087000000, 0x0000000087000000| Untracked 
|  85|0x0000000087100000, 0x0000000087100000, 0x0000000087200000|  0%| F|  |TAMS 0x0000000087100000, 0x0000000087100000| Untracked 
|  86|0x0000000087200000, 0x0000000087200000, 0x0000000087300000|  0%| F|  |TAMS 0x0000000087200000, 0x0000000087200000| Untracked 
|  87|0x0000000087300000, 0x0000000087300000, 0x0000000087400000|  0%| F|  |TAMS 0x0000000087300000, 0x0000000087300000| Untracked 
|  88|0x0000000087400000, 0x0000000087400000, 0x0000000087500000|  0%| F|  |TAMS 0x0000000087400000, 0x0000000087400000| Untracked 
|  89|0x0000000087500000, 0x0000000087500000, 0x0000000087600000|  0%| F|  |TAMS 0x0000000087500000, 0x0000000087500000| Untracked 
|  90|0x0000000087600000, 0x0000000087600000, 0x0000000087700000|  0%| F|  |TAMS 0x0000000087600000, 0x0000000087600000| Untracked 
|  91|0x0000000087700000, 0x0000000087700000, 0x0000000087800000|  0%| F|  |TAMS 0x0000000087700000, 0x0000000087700000| Untracked 
|  92|0x0000000087800000, 0x0000000087800000, 0x0000000087900000|  0%| F|  |TAMS 0x0000000087800000, 0x0000000087800000| Untracked 
|  93|0x0000000087900000, 0x0000000087900000, 0x0000000087a00000|  0%| F|  |TAMS 0x0000000087900000, 0x0000000087900000| Untracked 
|  94|0x0000000087a00000, 0x0000000087a00000, 0x0000000087b00000|  0%| F|  |TAMS 0x0000000087a00000, 0x0000000087a00000| Untracked 
|  95|0x0000000087b00000, 0x0000000087b00000, 0x0000000087c00000|  0%| F|  |TAMS 0x0000000087b00000, 0x0000000087b00000| Untracked 
|  96|0x0000000087c00000, 0x0000000087c00000, 0x0000000087d00000|  0%| F|  |TAMS 0x0000000087c00000, 0x0000000087c00000| Untracked 
|  97|0x0000000087d00000, 0x0000000087d00000, 0x0000000087e00000|  0%| F|  |TAMS 0x0000000087d00000, 0x0000000087d00000| Untracked 
|  98|0x0000000087e00000, 0x0000000087e00000, 0x0000000087f00000|  0%| F|  |TAMS 0x0000000087e00000, 0x0000000087e00000| Untracked 
|  99|0x0000000087f00000, 0x0000000087f00000, 0x0000000088000000|  0%| F|  |TAMS 0x0000000087f00000, 0x0000000087f00000| Untracked 
| 100|0x0000000088000000, 0x0000000088000000, 0x0000000088100000|  0%| F|  |TAMS 0x0000000088000000, 0x0000000088000000| Untracked 
| 101|0x0000000088100000, 0x0000000088100000, 0x0000000088200000|  0%| F|  |TAMS 0x0000000088100000, 0x0000000088100000| Untracked 
| 102|0x0000000088200000, 0x0000000088200000, 0x0000000088300000|  0%| F|  |TAMS 0x0000000088200000, 0x0000000088200000| Untracked 
| 103|0x0000000088300000, 0x0000000088300000, 0x0000000088400000|  0%| F|  |TAMS 0x0000000088300000, 0x0000000088300000| Untracked 
| 104|0x0000000088400000, 0x0000000088400000, 0x0000000088500000|  0%| F|  |TAMS 0x0000000088400000, 0x0000000088400000| Untracked 
| 105|0x0000000088500000, 0x0000000088500000, 0x0000000088600000|  0%| F|  |TAMS 0x0000000088500000, 0x0000000088500000| Untracked 
| 106|0x0000000088600000, 0x0000000088600000, 0x0000000088700000|  0%| F|  |TAMS 0x0000000088600000, 0x0000000088600000| Untracked 
| 107|0x0000000088700000, 0x0000000088700000, 0x0000000088800000|  0%| F|  |TAMS 0x0000000088700000, 0x0000000088700000| Untracked 
| 108|0x0000000088800000, 0x0000000088800000, 0x0000000088900000|  0%| F|  |TAMS 0x0000000088800000, 0x0000000088800000| Untracked 
| 109|0x0000000088900000, 0x0000000088900000, 0x0000000088a00000|  0%| F|  |TAMS 0x0000000088900000, 0x0000000088900000| Untracked 
| 110|0x0000000088a00000, 0x0000000088a00000, 0x0000000088b00000|  0%| F|  |TAMS 0x0000000088a00000, 0x0000000088a00000| Untracked 
| 111|0x0000000088b00000, 0x0000000088b00000, 0x0000000088c00000|  0%| F|  |TAMS 0x0000000088b00000, 0x0000000088b00000| Untracked 
| 112|0x0000000088c00000, 0x0000000088c00000, 0x0000000088d00000|  0%| F|  |TAMS 0x0000000088c00000, 0x0000000088c00000| Untracked 
| 113|0x0000000088d00000, 0x0000000088d00000, 0x0000000088e00000|  0%| F|  |TAMS 0x0000000088d00000, 0x0000000088d00000| Untracked 
| 114|0x0000000088e00000, 0x0000000088e00000, 0x0000000088f00000|  0%| F|  |TAMS 0x0000000088e00000, 0x0000000088e00000| Untracked 
| 115|0x0000000088f00000, 0x0000000088f00000, 0x0000000089000000|  0%| F|  |TAMS 0x0000000088f00000, 0x0000000088f00000| Untracked 
| 116|0x0000000089000000, 0x0000000089000000, 0x0000000089100000|  0%| F|  |TAMS 0x0000000089000000, 0x0000000089000000| Untracked 
| 117|0x0000000089100000, 0x0000000089100000, 0x0000000089200000|  0%| F|  |TAMS 0x0000000089100000, 0x0000000089100000| Untracked 
| 118|0x0000000089200000, 0x0000000089200000, 0x0000000089300000|  0%| F|  |TAMS 0x0000000089200000, 0x0000000089200000| Untracked 
| 119|0x0000000089300000, 0x0000000089300000, 0x0000000089400000|  0%| F|  |TAMS 0x0000000089300000, 0x0000000089300000| Untracked 
| 120|0x0000000089400000, 0x0000000089400000, 0x0000000089500000|  0%| F|  |TAMS 0x0000000089400000, 0x0000000089400000| Untracked 
| 121|0x0000000089500000, 0x0000000089500000, 0x0000000089600000|  0%| F|  |TAMS 0x0000000089500000, 0x0000000089500000| Untracked 
| 122|0x0000000089600000, 0x00000000896580f8, 0x0000000089700000| 34%| S|CS|TAMS 0x0000000089600000, 0x0000000089600000| Complete 
| 123|0x0000000089700000, 0x0000000089700000, 0x0000000089800000|  0%| F|  |TAMS 0x0000000089700000, 0x0000000089700000| Untracked 
| 124|0x0000000089800000, 0x0000000089800000, 0x0000000089900000|  0%| F|  |TAMS 0x0000000089800000, 0x0000000089800000| Untracked 
| 125|0x0000000089900000, 0x0000000089900000, 0x0000000089a00000|  0%| F|  |TAMS 0x0000000089900000, 0x0000000089900000| Untracked 
| 126|0x0000000089a00000, 0x0000000089a00000, 0x0000000089b00000|  0%| F|  |TAMS 0x0000000089a00000, 0x0000000089a00000| Untracked 
| 127|0x0000000089b00000, 0x0000000089b00000, 0x0000000089c00000|  0%| F|  |TAMS 0x0000000089b00000, 0x0000000089b00000| Untracked 

Card table byte_map: [0x000001b64f440000,0x000001b64f840000] _byte_map_base: 0x000001b64f032000

Marking Bits (Prev, Next): (CMBitMap*) 0x000001b637e584f0, (CMBitMap*) 0x000001b637e58530
 Prev Bits: [0x000001b64fc40000, 0x000001b651bd0000)
 Next Bits: [0x000001b651bd0000, 0x000001b653b60000)

Polling page: 0x000001b635bd0000

Metaspace:

Usage:
  Non-class:      4.71 MB capacity,     4.65 MB ( 99%) used,    55.28 KB (  1%) free+waste,     5.25 KB ( <1%) overhead. 
      Class:    810.00 KB capacity,   472.39 KB ( 58%) used,   336.36 KB ( 42%) free+waste,     1.25 KB ( <1%) overhead. 
       Both:      5.50 MB capacity,     5.11 MB ( 93%) used,   391.64 KB (  7%) free+waste,     6.50 KB ( <1%) overhead. 

Virtual space:
  Non-class space:       28.00 MB reserved,       4.75 MB ( 17%) committed 
      Class space:        1.00 GB reserved,     896.00 KB ( <1%) committed 
             Both:        1.03 GB reserved,       5.63 MB ( <1%) committed 

Chunk freelists:
   Non-Class:  40.00 KB
       Class:  22.00 KB
        Both:  62.00 KB

MaxMetaspaceSize: 17179869184.00 GB
CompressedClassSpaceSize: 1.00 GB

CodeHeap 'non-profiled nmethods': size=120000Kb used=141Kb max_used=141Kb free=119858Kb
 bounds [0x000001b647b10000, 0x000001b647d80000, 0x000001b64f040000]
CodeHeap 'profiled nmethods': size=120000Kb used=901Kb max_used=901Kb free=119098Kb
 bounds [0x000001b6405e0000, 0x000001b640850000, 0x000001b647b10000]
CodeHeap 'non-nmethods': size=5760Kb used=1153Kb max_used=1167Kb free=4606Kb
 bounds [0x000001b640040000, 0x000001b6402b0000, 0x000001b6405e0000]
 total_blobs=942 nmethods=538 adapters=317
 compilation: enabled
              stopped_count=0, restarted_count=0
 full_count=0

Compilation events (20 events):
Event: 6.590 Thread 0x000001b65605fe20 nmethod 522 0x000001b6406bb190 code [0x000001b6406bb340, 0x000001b6406bb508]
Event: 6.591 Thread 0x000001b65605fe20  523       3       java.lang.ClassLoader::defineClass (43 bytes)
Event: 6.593 Thread 0x000001b65605fe20 nmethod 523 0x000001b6406bb610 code [0x000001b6406bb800, 0x000001b6406bbcf8]
Event: 6.593 Thread 0x000001b65605fe20  530       3       java.util.jar.JarFile::getManifestFromReference (125 bytes)
Event: 6.597 Thread 0x000001b65605fe20 nmethod 530 0x000001b6406bbf90 code [0x000001b6406bc220, 0x000001b6406bd088]
Event: 6.597 Thread 0x000001b65605fe20  531       3       java.security.SecureClassLoader$CodeSourceKey::equals (56 bytes)
Event: 6.598 Thread 0x000001b65605fe20 nmethod 531 0x000001b6406bd490 code [0x000001b6406bd680, 0x000001b6406bdc98]
Event: 6.598 Thread 0x000001b65605fe20  532       3       java.security.CodeSource::matchCerts (254 bytes)
Event: 6.598 Thread 0x000001b656050e20 nmethod 534% 0x000001b647b32d10 code [0x000001b647b32ea0, 0x000001b647b330f8]
Event: 6.599 Thread 0x000001b65605fe20 nmethod 532 0x000001b6406bde90 code [0x000001b6406be0c0, 0x000001b6406beb78]
Event: 6.599 Thread 0x000001b65605fe20  528       1       java.lang.String::value (5 bytes)
Event: 6.600 Thread 0x000001b65605fe20 nmethod 528 0x000001b647b33210 code [0x000001b647b333a0, 0x000001b647b33458]
Event: 6.715 Thread 0x000001b65605fe20  535       3       java.lang.ClassLoader::checkPackageAccess (102 bytes)
Event: 6.719 Thread 0x000001b65605fe20 nmethod 535 0x000001b6406bef10 code [0x000001b6406bf200, 0x000001b6406c00d8]
Event: 6.872 Thread 0x000001b65605fe20  536       3       java.util.concurrent.ConcurrentHashMap$Node::<init> (14 bytes)
Event: 6.872 Thread 0x000001b65605fe20 nmethod 536 0x000001b6406c0710 code [0x000001b6406c08c0, 0x000001b6406c0b98]
Event: 6.881 Thread 0x000001b65605fe20  537       3       java.lang.Number::<init> (5 bytes)
Event: 6.882 Thread 0x000001b65605fe20 nmethod 537 0x000001b6406c0c90 code [0x000001b6406c0e20, 0x000001b6406c0f78]
Event: 6.882 Thread 0x000001b65605fe20  538       3       java.lang.Long::<init> (10 bytes)
Event: 6.882 Thread 0x000001b65605fe20 nmethod 538 0x000001b6406c1010 code [0x000001b6406c11c0, 0x000001b6406c1378]

GC Heap History (4 events):
Event: 6.107 GC heap before
{Heap before GC invocations=0 (full 0):
 garbage-first heap   total 131072K, used 16384K [0x0000000081c00000, 0x0000000100000000)
  region size 1024K, 13 young (13312K), 0 survivors (0K)
 Metaspace       used 4070K, capacity 4482K, committed 4608K, reserved 1062912K
  class space    used 328K, capacity 682K, committed 768K, reserved 1048576K
}
Event: 6.119 GC heap after
{Heap after GC invocations=1 (full 0):
 garbage-first heap   total 131072K, used 5428K [0x0000000081c00000, 0x0000000100000000)
  region size 1024K, 2 young (2048K), 2 survivors (2048K)
 Metaspace       used 4070K, capacity 4482K, committed 4608K, reserved 1062912K
  class space    used 328K, capacity 682K, committed 768K, reserved 1048576K
}
Event: 6.902 GC heap before
{Heap before GC invocations=1 (full 0):
 garbage-first heap   total 131072K, used 8500K [0x0000000081c00000, 0x0000000100000000)
  region size 1024K, 7 young (7168K), 2 survivors (2048K)
 Metaspace       used 5235K, capacity 5634K, committed 5760K, reserved 1075200K
  class space    used 472K, capacity 810K, committed 896K, reserved 1048576K
}
Event: 6.913 GC heap after
{Heap after GC invocations=2 (full 0):
 garbage-first heap   total 131072K, used 5597K [0x0000000081c00000, 0x0000000100000000)
  region size 1024K, 1 young (1024K), 1 survivors (1024K)
 Metaspace       used 5235K, capacity 5634K, committed 5760K, reserved 1075200K
  class space    used 472K, capacity 810K, committed 896K, reserved 1048576K
}

Deoptimization events (20 events):
Event: 1.513 Thread 0x000001b637e18950 DEOPT PACKING pc=0x000001b6405f9176 sp=0x00000030e96fd9a0
Event: 1.513 Thread 0x000001b637e18950 DEOPT UNPACKING pc=0x000001b64008e23f sp=0x00000030e96fce40 mode 0
Event: 1.514 Thread 0x000001b637e18950 DEOPT PACKING pc=0x000001b6405f9176 sp=0x00000030e96fd9a0
Event: 1.514 Thread 0x000001b637e18950 DEOPT UNPACKING pc=0x000001b64008e23f sp=0x00000030e96fce40 mode 0
Event: 1.514 Thread 0x000001b637e18950 DEOPT PACKING pc=0x000001b6405f9176 sp=0x00000030e96fd9a0
Event: 1.514 Thread 0x000001b637e18950 DEOPT UNPACKING pc=0x000001b64008e23f sp=0x00000030e96fce40 mode 0
Event: 1.514 Thread 0x000001b637e18950 DEOPT PACKING pc=0x000001b6405f9176 sp=0x00000030e96fd9a0
Event: 1.514 Thread 0x000001b637e18950 DEOPT UNPACKING pc=0x000001b64008e23f sp=0x00000030e96fce40 mode 0
Event: 1.515 Thread 0x000001b637e18950 DEOPT PACKING pc=0x000001b6405f9176 sp=0x00000030e96fd9a0
Event: 1.515 Thread 0x000001b637e18950 DEOPT UNPACKING pc=0x000001b64008e23f sp=0x00000030e96fce40 mode 0
Event: 1.515 Thread 0x000001b637e18950 DEOPT PACKING pc=0x000001b6405f9176 sp=0x00000030e96fd9a0
Event: 1.515 Thread 0x000001b637e18950 DEOPT UNPACKING pc=0x000001b64008e23f sp=0x00000030e96fce40 mode 0
Event: 1.516 Thread 0x000001b637e18950 DEOPT PACKING pc=0x000001b6405f9176 sp=0x00000030e96fd9a0
Event: 1.516 Thread 0x000001b637e18950 DEOPT UNPACKING pc=0x000001b64008e23f sp=0x00000030e96fce40 mode 0
Event: 1.517 Thread 0x000001b637e18950 DEOPT PACKING pc=0x000001b6405f9176 sp=0x00000030e96fd9a0
Event: 1.517 Thread 0x000001b637e18950 DEOPT UNPACKING pc=0x000001b64008e23f sp=0x00000030e96fce40 mode 0
Event: 2.506 Thread 0x000001b637e18950 Uncommon trap: trap_request=0xffffff45 fr.pc=0x000001b647b14040 relative=0x0000000000000220
Event: 2.506 Thread 0x000001b637e18950 Uncommon trap: reason=unstable_if action=reinterpret pc=0x000001b647b14040 method=java.lang.String.hashCode()I @ 13 c2
Event: 2.506 Thread 0x000001b637e18950 DEOPT PACKING pc=0x000001b647b14040 sp=0x00000030e96fbf10
Event: 2.506 Thread 0x000001b637e18950 DEOPT UNPACKING pc=0x000001b64008e42f sp=0x00000030e96fbea8 mode 2

Classes unloaded (0 events):
No events

Classes redefined (0 events):
No events

Internal exceptions (1 events):
Event: 5.108 Thread 0x000001b637e18950 Exception <a 'java/lang/NoSuchMethodError'{0x0000000088fd5e00}: 'void java.lang.invoke.DirectMethodHandle$Holder.invokeSpecial(java.lang.Object, java.lang.Object, java.lang.Object)'> (0x0000000088fd5e00) 
thrown [./open/src/hotspot/share/interpreter/linkResolver.cpp, line 782]

Events (20 events):
Event: 6.096 loading class sun/net/www/protocol/jar/URLJarFile
Event: 6.099 loading class sun/net/www/protocol/jar/URLJarFile done
Event: 6.099 Executing VM operation: HandshakeAllThreads
Event: 6.099 Executing VM operation: HandshakeAllThreads done
Event: 6.101 loading class sun/net/www/protocol/jar/URLJarFile$URLJarFileEntry
Event: 6.102 loading class sun/net/www/protocol/jar/URLJarFile$URLJarFileEntry done
Event: 6.102 loading class sun/net/www/protocol/jar/JarURLConnection$JarURLInputStream
Event: 6.102 loading class sun/net/www/protocol/jar/JarURLConnection$JarURLInputStream done
Event: 6.107 Executing VM operation: G1CollectForAllocation
Event: 6.119 Executing VM operation: G1CollectForAllocation done
Event: 6.168 loading class java/util/Collections$SingletonList
Event: 6.227 loading class java/util/Collections$SingletonList done
Event: 6.304 Executing VM operation: CollectForMetadataAllocation
Event: 6.304 Executing VM operation: CollectForMetadataAllocation done
Event: 6.553 Loaded shared library C:\Program Files\Java\jdk-15.0.1\bin\zip.dll
Event: 6.602 loading class java/lang/reflect/InvocationTargetException
Event: 6.714 loading class java/lang/reflect/InvocationTargetException done
Event: 6.730 loading class java/io/UnsupportedEncodingException
Event: 6.870 loading class java/io/UnsupportedEncodingException done
Event: 6.901 Executing VM operation: CollectForMetadataAllocation


Dynamic libraries:
0x00007ff6f3e60000 - 0x00007ff6f3e6f000 	C:\Program Files\Java\jdk-15.0.1\bin\java.exe
0x00007ffda0540000 - 0x00007ffda0730000 	C:\Windows\SYSTEM32\ntdll.dll
0x00007ffd9fec0000 - 0x00007ffd9ff72000 	C:\Windows\System32\KERNEL32.DLL
0x00007ffd9dd80000 - 0x00007ffd9e025000 	C:\Windows\System32\KERNELBASE.dll
0x00007ffd9e190000 - 0x00007ffd9e28a000 	C:\Windows\System32\ucrtbase.dll
0x00007ffd8e5f0000 - 0x00007ffd8e608000 	C:\Program Files\Java\jdk-15.0.1\bin\jli.dll
0x00007ffd8d780000 - 0x00007ffd8d799000 	C:\Program Files\Java\jdk-15.0.1\bin\VCRUNTIME140.dll
0x00007ffd9f2d0000 - 0x00007ffd9f373000 	C:\Windows\System32\ADVAPI32.dll
0x00007ffd9fc50000 - 0x00007ffd9fcee000 	C:\Windows\System32\msvcrt.dll
0x00007ffd9f950000 - 0x00007ffd9f9e7000 	C:\Windows\System32\sechost.dll
0x00007ffd9fb30000 - 0x00007ffd9fc4f000 	C:\Windows\System32\RPCRT4.dll
0x00007ffd9fcf0000 - 0x00007ffd9fe84000 	C:\Windows\System32\USER32.dll
0x00007ffd9dc80000 - 0x00007ffd9dca1000 	C:\Windows\System32\win32u.dll
0x00007ffd9fe90000 - 0x00007ffd9feb6000 	C:\Windows\System32\GDI32.dll
0x00007ffd88fd0000 - 0x00007ffd89254000 	C:\Windows\WinSxS\amd64_microsoft.windows.common-controls_6595b64144ccf1df_6.0.18362.1556_none_9e7e372fe45e41d5\COMCTL32.dll
0x00007ffd9e450000 - 0x00007ffd9e5e8000 	C:\Windows\System32\gdi32full.dll
0x00007ffd9dce0000 - 0x00007ffd9dd7e000 	C:\Windows\System32\msvcp_win.dll
0x00007ffd9f570000 - 0x00007ffd9f8a6000 	C:\Windows\System32\combase.dll
0x00007ffd9e340000 - 0x00007ffd9e3c1000 	C:\Windows\System32\bcryptPrimitives.dll
0x00007ffd90650000 - 0x00007ffd9065a000 	C:\Windows\SYSTEM32\VERSION.dll
0x00007ffd9e650000 - 0x00007ffd9e67e000 	C:\Windows\System32\IMM32.DLL
0x00007ffd96de0000 - 0x00007ffd96dec000 	C:\Program Files\Java\jdk-15.0.1\bin\vcruntime140_1.dll
0x00007ffd6dc90000 - 0x00007ffd6dd21000 	C:\Program Files\Java\jdk-15.0.1\bin\msvcp140.dll
0x00007ffd53720000 - 0x00007ffd5427e000 	C:\Program Files\Java\jdk-15.0.1\bin\server\jvm.dll
0x00007ffd9e680000 - 0x00007ffd9e688000 	C:\Windows\System32\PSAPI.DLL
0x00007ffd99a50000 - 0x00007ffd99a74000 	C:\Windows\SYSTEM32\WINMM.dll
0x00007ffd86a90000 - 0x00007ffd86a99000 	C:\Windows\SYSTEM32\WSOCK32.dll
0x00007ffd9f8e0000 - 0x00007ffd9f94f000 	C:\Windows\System32\WS2_32.dll
0x00007ffd99a20000 - 0x00007ffd99a4d000 	C:\Windows\SYSTEM32\WINMMBASE.dll
0x00007ffd9dc30000 - 0x00007ffd9dc7a000 	C:\Windows\System32\cfgmgr32.dll
0x00007ffd9d400000 - 0x00007ffd9d411000 	C:\Windows\System32\kernel.appcore.dll
0x00007ffd960a0000 - 0x00007ffd960aa000 	C:\Program Files\Java\jdk-15.0.1\bin\jimage.dll
0x00007ffd8f7c0000 - 0x00007ffd8f9b4000 	C:\Windows\SYSTEM32\DBGHELP.DLL
0x00007ffd8f790000 - 0x00007ffd8f7ba000 	C:\Windows\SYSTEM32\dbgcore.DLL
0x00007ffd8cd80000 - 0x00007ffd8cda5000 	C:\Program Files\Java\jdk-15.0.1\bin\java.dll
0x00007ffd9e690000 - 0x00007ffd9ed77000 	C:\Windows\System32\SHELL32.dll
0x00007ffd9eff0000 - 0x00007ffd9f098000 	C:\Windows\System32\shcore.dll
0x00007ffd9d4b0000 - 0x00007ffd9dc2b000 	C:\Windows\System32\windows.storage.dll
0x00007ffd9d490000 - 0x00007ffd9d4ae000 	C:\Windows\System32\profapi.dll
0x00007ffd9d440000 - 0x00007ffd9d48a000 	C:\Windows\System32\powrprof.dll
0x00007ffd9d3f0000 - 0x00007ffd9d400000 	C:\Windows\System32\UMPDC.dll
0x00007ffda04a0000 - 0x00007ffda04f2000 	C:\Windows\System32\shlwapi.dll
0x00007ffd9e430000 - 0x00007ffd9e447000 	C:\Windows\System32\cryptsp.dll
0x00007ffd8d700000 - 0x00007ffd8d719000 	C:\Program Files\Java\jdk-15.0.1\bin\net.dll
0x00007ffd91540000 - 0x00007ffd9163a000 	C:\Windows\SYSTEM32\WINHTTP.dll
0x00007ffd9cc30000 - 0x00007ffd9cc97000 	C:\Windows\system32\mswsock.dll
0x00007ffd8c430000 - 0x00007ffd8c442000 	C:\Program Files\Java\jdk-15.0.1\bin\nio.dll
0x00007ffd8c270000 - 0x00007ffd8c288000 	C:\Program Files\Java\jdk-15.0.1\bin\zip.dll

dbghelp: loaded successfully - version: 4.0.5 - missing functions: none
symbol engine: initialized successfully - sym options: 0x614 - pdb path: .;C:\Program Files\Java\jdk-15.0.1\bin;C:\Windows\SYSTEM32;C:\Windows\WinSxS\amd64_microsoft.windows.common-controls_6595b64144ccf1df_6.0.18362.1556_none_9e7e372fe45e41d5;C:\Program Files\Java\jdk-15.0.1\bin\server

VM Arguments:
java_command: org.jetbrains.kotlin.cli.jvm.K2JVMCompiler @C:\Users\DENNIS\AndroidStudioProjects\Score\app\build\20220709_13646678715655228283.compiler.options
java_class_path (initial): C:\Users\DENNIS\.gradle\caches\modules-2\files-2.1\org.jetbrains.kotlin\kotlin-compiler-embeddable\1.7.10\909803167c98606fcf22b4c848647c68e351d48d\kotlin-compiler-embeddable-1.7.10.jar;C:\Users\DENNIS\.gradle\caches\modules-2\files-2.1\org.jetbrains.kotlin\kotlin-reflect\1.7.10\165e600dfea6185cf5efa700756294cc4904dbeb\kotlin-reflect-1.7.10.jar;C:\Users\DENNIS\.gradle\caches\modules-2\files-2.1\org.jetbrains.kotlin\kotlin-stdlib\1.7.10\d2abf9e77736acc4450dc4a3f707fa2c10f5099d\kotlin-stdlib-1.7.10.jar;C:\Users\DENNIS\.gradle\caches\modules-2\files-2.1\org.jetbrains.kotlin\kotlin-script-runtime\1.7.10\c99c87a6988d8fd8d5142e9ed5c9f34a7cf561ee\kotlin-script-runtime-1.7.10.jar;C:\Users\DENNIS\.gradle\caches\modules-2\files-2.1\org.jetbrains.kotlin\kotlin-daemon-embeddable\1.7.10\3a9f7aef7080d3ae63126cbba4f827ed664f32fa\kotlin-daemon-embeddable-1.7.10.jar;C:\Users\DENNIS\.gradle\caches\modules-2\files-2.1\org.jetbrains.intellij.deps\trove4j\1.0.20200330\3afb14d5f9ceb459d724e907a21145e8ff394f02\trove4j-1.0.20200330.jar;C:\Users\DENNIS\.gradle\caches\modules-2\files-2.1\net.java.dev.jna\jna\5.6.0\330f2244e9030119ab3030fc3fededc86713d9cc\jna-5.6.0.jar;C:\Users\DENNIS\.gradle\caches\modules-2\files-2.1\org.jetbrains.kotlin\kotlin-stdlib-common\1.7.10\bac80c520d0a9e3f3673bc2658c6ed02ef45a76a\kotlin-stdlib-common-1.7.10.jar;C:\Users\DENNIS\.gradle\caches\modules-2\files-2.1\org.jetbrains\annotations\13.0\919f0dfe192fb4e063e7dacadee7f8bb9a2672a9\annotations-13.0.jar
Launcher Type: SUN_STANDARD

[Global flags]
     intx CICompilerCount                          = 3                                         {product} {ergonomic}
     uint ConcGCThreads                            = 1                                         {product} {ergonomic}
     uint G1ConcRefinementThreads                  = 4                                         {product} {ergonomic}
   size_t G1HeapRegionSize                         = 1048576                                   {product} {ergonomic}
    uintx GCDrainStackTargetSize                   = 64                                        {product} {ergonomic}
   size_t InitialHeapSize                          = 134217728                                 {product} {ergonomic}
   size_t MarkStackSize                            = 4194304                                   {product} {ergonomic}
   size_t MaxHeapSize                              = 2118123520                                {product} {ergonomic}
   size_t MaxNewSize                               = 1270874112                                {product} {ergonomic}
   size_t MinHeapDeltaBytes                        = 1048576                                   {product} {ergonomic}
   size_t MinHeapSize                              = 8388608                                   {product} {ergonomic}
    uintx NonNMethodCodeHeapSize                   = 5832780                                {pd product} {ergonomic}
    uintx NonProfiledCodeHeapSize                  = 122912730                              {pd product} {ergonomic}
    uintx ProfiledCodeHeapSize                     = 122912730                              {pd product} {ergonomic}
    uintx ReservedCodeCacheSize                    = 251658240                              {pd product} {ergonomic}
     bool SegmentedCodeCache                       = true                                      {product} {ergonomic}
   size_t SoftMaxHeapSize                          = 2118123520                             {manageable} {ergonomic}
     bool UseCompressedClassPointers               = true                                 {lp64_product} {ergonomic}
     bool UseCompressedOops                        = true                                 {lp64_product} {ergonomic}
     bool UseG1GC                                  = true                                      {product} {ergonomic}
     bool UseLargePagesIndividualAllocation        = false                                  {pd product} {ergonomic}

Logging:
Log output configuration:
 #0: stdout all=warning uptime,level,tags
 #1: stderr all=off uptime,level,tags

Environment Variables:
JAVA_HOME=C:\Program Files\AdoptOpenJDK\jdk-16.0.1.9-hotspot\
PATH=C:\Program Files\Microsoft\jdk-11.0.12.7-hotspot\bin;C:\Program Files\AdoptOpenJDK\jdk-16.0.1.9-hotspot\bin;C:\Program Files\Common Files\Oracle\Java\javapath;C:\Program Files (x86)\Falcon\MinGW\bin;C:\Windows\system32;C:\Windows;C:\Windows\System32\Wbem;C:\Windows\System32\WindowsPowerShell\v1.0\;C:\Windows\System32\OpenSSH\;C:\Program Files\AdoptOpenJDK\jdk-16.0.1.9-hotspot\\bin;C:\Program Files\nodejs\;C:\Program Files\Git\cmd;C:\Program Files\dotnet\;C:\Program Files\Microsoft SQL Server\150\Tools\Binn\;C:\Program Files\Microsoft SQL Server\Client SDK\ODBC\170\Tools\Binn\;C:\Program Files (x86)\Microsoft SQL Server\150\DTS\Binn\;C:\Program Files\Azure Data Studio\bin;C:\xampp\php;C:\ProgramData\ComposerSetup\bin;C:\Program Files\MongoDB\Server\5.0\bin;C:\Users\DENNIS\AppData\Local\Programs\Python\Python39\Scripts\;C:\Users\DENNIS\AppData\Local\Programs\Python\Python39\;C:\Users\DENNIS\AppData\Local\Microsoft\WindowsApps;C:\Program Files (x86)\Nmap;C:\Users\DENNIS\AppData\Local\Programs\Microsoft VS Code\bin;C:\Users\DENNIS\AppData\Roaming\npm;C:\Users\DENNIS\.dotnet\tools;C:\Program Files\Azure Data Studio\bin;C:\Users\DENNIS\AppData\Roaming\Composer\vendor\bin
USERNAME=DENNIS
OS=Windows_NT
PROCESSOR_IDENTIFIER=Intel64 Family 6 Model 69 Stepping 1, GenuineIntel



---------------  S Y S T E M  ---------------

OS:
 Windows 10 , 64 bit Build 18362 (10.0.18362.1500)
OS uptime: 4 days 1:04 hours

CPU: total 4 (initial active 4) (2 cores per cpu, 2 threads per core) family 6 model 69 stepping 1 microcode 0x26, cmov, cx8, fxsr, mmx, sse, sse2, sse3, ssse3, sse4.1, sse4.2, popcnt, vzeroupper, avx, avx2, aes, clmul, erms, lzcnt, ht, tsc, tscinvbit, bmi1, bmi2, fma, clflush

Memory: 4k page, system-wide physical 8073M (427M free)
TotalPageFile size 10073M (AvailPageFile size 0M)
current process WorkingSet (physical memory assigned to process): 59M, peak: 59M
current process commit charge ("private bytes"): 210M, peak: 211M

vm_info: Java HotSpot(TM) 64-Bit Server VM (15.0.1+9-18) for windows-amd64 JRE (15.0.1+9-18), built on Sep 15 2020 14:43:54 by "mach5one" with unknown MS VC++:1925

END.
